build/app/intermediates/manifest_merge_blame_file/release/processReleaseMainManifest/manifest-merger-blame-release-report.txt
1<?xml version="1.0" encoding="utf-8"?>
2<manifest xmlns:android="http://schemas.android.com/apk/res/android"
3    package="com.intellisyncs.clockwise"
4    android:versionCode="40"
5    android:versionName="7.8.9" >
6
7    <uses-sdk
8        android:minSdkVersion="24"
9        android:targetSdkVersion="36" />
10
11    <uses-permission android:name="android.permission.INTERNET" />
11-->src/main/AndroidManifest.xml:4:5-67
11-->src/main/AndroidManifest.xml:4:22-64
12    <uses-permission android:name="android.permission.ACCESS_NETWORK_STATE" />
12-->src/main/AndroidManifest.xml:5:5-79
12-->src/main/AndroidManifest.xml:5:22-76
13    <uses-permission android:name="android.permission.ACCESS_FINE_LOCATION" />
13-->src/main/AndroidManifest.xml:6:5-79
13-->src/main/AndroidManifest.xml:6:22-76
14    <uses-permission android:name="android.permission.ACCESS_COARSE_LOCATION" />
14-->src/main/AndroidManifest.xml:7:5-81
14-->src/main/AndroidManifest.xml:7:22-78
15    <uses-permission android:name="android.permission.POST_NOTIFICATIONS" />
15-->src/main/AndroidManifest.xml:8:5-77
15-->src/main/AndroidManifest.xml:8:22-74
16
17    <!-- Required for foreground services -->
18    <uses-permission android:name="android.permission.FOREGROUND_SERVICE" />
18-->src/main/AndroidManifest.xml:11:5-77
18-->src/main/AndroidManifest.xml:11:22-74
19    <uses-permission android:name="android.permission.WAKE_LOCK" />
19-->src/main/AndroidManifest.xml:12:5-68
19-->src/main/AndroidManifest.xml:12:22-65
20    <uses-permission android:name="android.permission.SYSTEM_ALERT_WINDOW" />
20-->src/main/AndroidManifest.xml:13:5-78
20-->src/main/AndroidManifest.xml:13:22-75
21    <uses-permission android:name="android.permission.RECEIVE_BOOT_COMPLETED" />
21-->src/main/AndroidManifest.xml:14:5-81
21-->src/main/AndroidManifest.xml:14:22-78
22
23    <!-- For Android 14+ (API 34+) -->
24    <uses-permission android:name="android.permission.FOREGROUND_SERVICE_DATA_SYNC" />
24-->src/main/AndroidManifest.xml:17:5-87
24-->src/main/AndroidManifest.xml:17:22-84
25    <!--
26         Required to query activities that can process text, see:
27         https://developer.android.com/training/package-visibility and
28         https://developer.android.com/reference/android/content/Intent#ACTION_PROCESS_TEXT.
29
30         In particular, this is used by the Flutter engine in io.flutter.plugin.text.ProcessTextPlugin.
31    -->
32    <queries>
32-->src/main/AndroidManifest.xml:68:5-73:15
33        <intent>
33-->src/main/AndroidManifest.xml:69:9-72:18
34            <action android:name="android.intent.action.PROCESS_TEXT" />
34-->src/main/AndroidManifest.xml:70:13-72
34-->src/main/AndroidManifest.xml:70:21-70
35
36            <data android:mimeType="text/plain" />
36-->src/main/AndroidManifest.xml:71:13-50
36-->src/main/AndroidManifest.xml:71:19-48
37        </intent>
38        <intent>
38-->[:file_picker] AndroidManifest.xml:8:9-12:18
39            <action android:name="android.intent.action.GET_CONTENT" />
39-->[:file_picker] AndroidManifest.xml:9:13-72
39-->[:file_picker] AndroidManifest.xml:9:21-69
40
41            <data android:mimeType="*/*" />
41-->src/main/AndroidManifest.xml:71:13-50
41-->src/main/AndroidManifest.xml:71:19-48
42        </intent>
43    </queries>
44
45    <uses-permission android:name="android.permission.VIBRATE" />
45-->[:flutter_local_notifications] AndroidManifest.xml:7:5-66
45-->[:flutter_local_notifications] AndroidManifest.xml:7:22-63
46
47    <permission
47-->[androidx.core:core:1.13.1] AndroidManifest.xml:22:5-24:47
48        android:name="com.intellisyncs.clockwise.DYNAMIC_RECEIVER_NOT_EXPORTED_PERMISSION"
48-->[androidx.core:core:1.13.1] AndroidManifest.xml:23:9-81
49        android:protectionLevel="signature" />
49-->[androidx.core:core:1.13.1] AndroidManifest.xml:24:9-44
50
51    <uses-permission android:name="com.intellisyncs.clockwise.DYNAMIC_RECEIVER_NOT_EXPORTED_PERMISSION" />
51-->[androidx.core:core:1.13.1] AndroidManifest.xml:26:5-97
51-->[androidx.core:core:1.13.1] AndroidManifest.xml:26:22-94
52
53    <application
54        android:name="android.app.Application"
54-->src/main/AndroidManifest.xml:21:9-42
55        android:allowBackup="true"
55-->src/main/AndroidManifest.xml:26:9-35
56        android:appComponentFactory="androidx.core.app.CoreComponentFactory"
56-->[androidx.core:core:1.13.1] AndroidManifest.xml:28:18-86
57        android:dataExtractionRules="@xml/data_extraction_rules"
57-->src/main/AndroidManifest.xml:28:9-65
58        android:enableOnBackInvokedCallback="true"
58-->src/main/AndroidManifest.xml:23:9-51
59        android:extractNativeLibs="false"
60        android:fullBackupContent="@xml/backup_rules"
60-->src/main/AndroidManifest.xml:27:9-54
61        android:icon="@mipmap/ic_launcher"
61-->src/main/AndroidManifest.xml:22:9-43
62        android:label="iSyncPeople"
62-->src/main/AndroidManifest.xml:20:9-36
63        android:networkSecurityConfig="@xml/network_security_config"
63-->src/main/AndroidManifest.xml:25:9-69
64        android:requestLegacyExternalStorage="true"
64-->[:open_file_android] AndroidManifest.xml:8:18-61
65        android:usesCleartextTraffic="true" >
65-->src/main/AndroidManifest.xml:24:9-44
66        <activity
66-->src/main/AndroidManifest.xml:29:9-50:20
67            android:name="com.intellisyncs.clockwise.MainActivity"
67-->src/main/AndroidManifest.xml:30:13-41
68            android:configChanges="orientation|keyboardHidden|keyboard|screenSize|smallestScreenSize|locale|layoutDirection|fontScale|screenLayout|density|uiMode"
68-->src/main/AndroidManifest.xml:35:13-163
69            android:exported="true"
69-->src/main/AndroidManifest.xml:31:13-36
70            android:hardwareAccelerated="true"
70-->src/main/AndroidManifest.xml:36:13-47
71            android:launchMode="singleTop"
71-->src/main/AndroidManifest.xml:32:13-43
72            android:taskAffinity=""
72-->src/main/AndroidManifest.xml:33:13-36
73            android:theme="@style/LaunchTheme"
73-->src/main/AndroidManifest.xml:34:13-47
74            android:windowSoftInputMode="adjustResize" >
74-->src/main/AndroidManifest.xml:37:13-55
75
76            <!--
77                 Specifies an Android theme to apply to this Activity as soon as
78                 the Android process has started. This theme is visible to the user
79                 while the Flutter UI initializes. After that, this theme continues
80                 to determine the Window background behind the Flutter UI.
81            -->
82            <meta-data
82-->src/main/AndroidManifest.xml:42:13-45:17
83                android:name="io.flutter.embedding.android.NormalTheme"
83-->src/main/AndroidManifest.xml:43:15-70
84                android:resource="@style/NormalTheme" />
84-->src/main/AndroidManifest.xml:44:15-52
85
86            <intent-filter>
86-->src/main/AndroidManifest.xml:46:13-49:29
87                <action android:name="android.intent.action.MAIN" />
87-->src/main/AndroidManifest.xml:47:17-68
87-->src/main/AndroidManifest.xml:47:25-66
88
89                <category android:name="android.intent.category.LAUNCHER" />
89-->src/main/AndroidManifest.xml:48:17-76
89-->src/main/AndroidManifest.xml:48:27-74
90            </intent-filter>
91        </activity>
92        <!--
93             Don't delete the meta-data below.
94             This is used by the Flutter tool to generate GeneratedPluginRegistrant.java
95        -->
96        <meta-data
96-->src/main/AndroidManifest.xml:53:9-55:33
97            android:name="flutterEmbedding"
97-->src/main/AndroidManifest.xml:54:13-44
98            android:value="2" />
98-->src/main/AndroidManifest.xml:55:13-30
99
100        <!-- Foreground service for background notifications -->
101        <service
101-->src/main/AndroidManifest.xml:58:9-61:40
102            android:name="com.pravera.flutter_foreground_task.service.ForegroundService"
102-->src/main/AndroidManifest.xml:59:13-89
103            android:exported="false"
103-->src/main/AndroidManifest.xml:61:13-37
104            android:foregroundServiceType="dataSync" />
104-->src/main/AndroidManifest.xml:60:13-53
105
106        <receiver
106-->[:flutter_foreground_task] AndroidManifest.xml:13:9-23:20
107            android:name="com.pravera.flutter_foreground_task.service.RebootReceiver"
107-->[:flutter_foreground_task] AndroidManifest.xml:14:13-86
108            android:enabled="true"
108-->[:flutter_foreground_task] AndroidManifest.xml:15:13-35
109            android:exported="true" >
109-->[:flutter_foreground_task] AndroidManifest.xml:16:13-36
110            <intent-filter>
110-->[:flutter_foreground_task] AndroidManifest.xml:17:13-22:29
111                <action android:name="android.intent.action.BOOT_COMPLETED" />
111-->[:flutter_foreground_task] AndroidManifest.xml:18:17-79
111-->[:flutter_foreground_task] AndroidManifest.xml:18:25-76
112                <action android:name="android.intent.action.MY_PACKAGE_REPLACED" />
112-->[:flutter_foreground_task] AndroidManifest.xml:19:17-84
112-->[:flutter_foreground_task] AndroidManifest.xml:19:25-81
113                <!-- This is required on HTC devices to support their "quickboot" feature -->
114                <action android:name="android.intent.action.QUICKBOOT_POWERON" />
114-->[:flutter_foreground_task] AndroidManifest.xml:21:17-82
114-->[:flutter_foreground_task] AndroidManifest.xml:21:25-79
115            </intent-filter>
116        </receiver>
117        <receiver
117-->[:flutter_foreground_task] AndroidManifest.xml:24:9-27:40
118            android:name="com.pravera.flutter_foreground_task.service.RestartReceiver"
118-->[:flutter_foreground_task] AndroidManifest.xml:25:13-87
119            android:enabled="true"
119-->[:flutter_foreground_task] AndroidManifest.xml:26:13-35
120            android:exported="false" />
120-->[:flutter_foreground_task] AndroidManifest.xml:27:13-37
121
122        <service
122-->[:geolocator_android] AndroidManifest.xml:8:9-12:56
123            android:name="com.baseflow.geolocator.GeolocatorLocationService"
123-->[:geolocator_android] AndroidManifest.xml:9:13-77
124            android:enabled="true"
124-->[:geolocator_android] AndroidManifest.xml:10:13-35
125            android:exported="false"
125-->[:geolocator_android] AndroidManifest.xml:11:13-37
126            android:foregroundServiceType="location" />
126-->[:geolocator_android] AndroidManifest.xml:12:13-53
127
128        <provider
128-->[:open_file_android] AndroidManifest.xml:9:9-18:20
129            android:name="com.crazecoder.openfile.FileProvider"
129-->[:open_file_android] AndroidManifest.xml:10:13-64
130            android:authorities="com.intellisyncs.clockwise.fileProvider.com.crazecoder.openfile"
130-->[:open_file_android] AndroidManifest.xml:11:13-88
131            android:exported="false"
131-->[:open_file_android] AndroidManifest.xml:12:13-37
132            android:grantUriPermissions="true" >
132-->[:open_file_android] AndroidManifest.xml:13:13-47
133            <meta-data
133-->[:open_file_android] AndroidManifest.xml:15:13-17:53
134                android:name="android.support.FILE_PROVIDER_PATHS"
134-->[:open_file_android] AndroidManifest.xml:16:17-67
135                android:resource="@xml/filepaths" />
135-->[:open_file_android] AndroidManifest.xml:17:17-50
136        </provider>
137        <provider
137-->[:printing] AndroidManifest.xml:8:9-16:20
138            android:name="net.nfet.flutter.printing.PrintFileProvider"
138-->[:printing] AndroidManifest.xml:9:13-71
139            android:authorities="com.intellisyncs.clockwise.flutter.printing"
139-->[:printing] AndroidManifest.xml:10:13-68
140            android:exported="false"
140-->[:printing] AndroidManifest.xml:11:13-37
141            android:grantUriPermissions="true" >
141-->[:printing] AndroidManifest.xml:12:13-47
142            <meta-data
142-->[:open_file_android] AndroidManifest.xml:15:13-17:53
143                android:name="android.support.FILE_PROVIDER_PATHS"
143-->[:open_file_android] AndroidManifest.xml:16:17-67
144                android:resource="@xml/flutter_printing_file_paths" />
144-->[:open_file_android] AndroidManifest.xml:17:17-50
145        </provider>
146
147        <uses-library
147-->[androidx.window:window:1.2.0] AndroidManifest.xml:23:9-25:40
148            android:name="androidx.window.extensions"
148-->[androidx.window:window:1.2.0] AndroidManifest.xml:24:13-54
149            android:required="false" />
149-->[androidx.window:window:1.2.0] AndroidManifest.xml:25:13-37
150        <uses-library
150-->[androidx.window:window:1.2.0] AndroidManifest.xml:26:9-28:40
151            android:name="androidx.window.sidecar"
151-->[androidx.window:window:1.2.0] AndroidManifest.xml:27:13-51
152            android:required="false" />
152-->[androidx.window:window:1.2.0] AndroidManifest.xml:28:13-37
153
154        <activity
154-->[com.google.android.gms:play-services-base:18.3.0] AndroidManifest.xml:20:9-22:45
155            android:name="com.google.android.gms.common.api.GoogleApiActivity"
155-->[com.google.android.gms:play-services-base:18.3.0] AndroidManifest.xml:20:19-85
156            android:exported="false"
156-->[com.google.android.gms:play-services-base:18.3.0] AndroidManifest.xml:22:19-43
157            android:theme="@android:style/Theme.Translucent.NoTitleBar" />
157-->[com.google.android.gms:play-services-base:18.3.0] AndroidManifest.xml:21:19-78
158
159        <meta-data
159-->[com.google.android.gms:play-services-basement:18.3.0] AndroidManifest.xml:21:9-23:69
160            android:name="com.google.android.gms.version"
160-->[com.google.android.gms:play-services-basement:18.3.0] AndroidManifest.xml:22:13-58
161            android:value="@integer/google_play_services_version" />
161-->[com.google.android.gms:play-services-basement:18.3.0] AndroidManifest.xml:23:13-66
162
163        <provider
163-->[androidx.emoji2:emoji2:1.2.0] AndroidManifest.xml:24:9-32:20
164            android:name="androidx.startup.InitializationProvider"
164-->[androidx.emoji2:emoji2:1.2.0] AndroidManifest.xml:25:13-67
165            android:authorities="com.intellisyncs.clockwise.androidx-startup"
165-->[androidx.emoji2:emoji2:1.2.0] AndroidManifest.xml:26:13-68
166            android:exported="false" >
166-->[androidx.emoji2:emoji2:1.2.0] AndroidManifest.xml:27:13-37
167            <meta-data
167-->[androidx.emoji2:emoji2:1.2.0] AndroidManifest.xml:29:13-31:52
168                android:name="androidx.emoji2.text.EmojiCompatInitializer"
168-->[androidx.emoji2:emoji2:1.2.0] AndroidManifest.xml:30:17-75
169                android:value="androidx.startup" />
169-->[androidx.emoji2:emoji2:1.2.0] AndroidManifest.xml:31:17-49
170            <meta-data
170-->[androidx.lifecycle:lifecycle-process:2.7.0] AndroidManifest.xml:29:13-31:52
171                android:name="androidx.lifecycle.ProcessLifecycleInitializer"
171-->[androidx.lifecycle:lifecycle-process:2.7.0] AndroidManifest.xml:30:17-78
172                android:value="androidx.startup" />
172-->[androidx.lifecycle:lifecycle-process:2.7.0] AndroidManifest.xml:31:17-49
173            <meta-data
173-->[androidx.profileinstaller:profileinstaller:1.3.1] AndroidManifest.xml:29:13-31:52
174                android:name="androidx.profileinstaller.ProfileInstallerInitializer"
174-->[androidx.profileinstaller:profileinstaller:1.3.1] AndroidManifest.xml:30:17-85
175                android:value="androidx.startup" />
175-->[androidx.profileinstaller:profileinstaller:1.3.1] AndroidManifest.xml:31:17-49
176        </provider>
177
178        <receiver
178-->[androidx.profileinstaller:profileinstaller:1.3.1] AndroidManifest.xml:34:9-52:20
179            android:name="androidx.profileinstaller.ProfileInstallReceiver"
179-->[androidx.profileinstaller:profileinstaller:1.3.1] AndroidManifest.xml:35:13-76
180            android:directBootAware="false"
180-->[androidx.profileinstaller:profileinstaller:1.3.1] AndroidManifest.xml:36:13-44
181            android:enabled="true"
181-->[androidx.profileinstaller:profileinstaller:1.3.1] AndroidManifest.xml:37:13-35
182            android:exported="true"
182-->[androidx.profileinstaller:profileinstaller:1.3.1] AndroidManifest.xml:38:13-36
183            android:permission="android.permission.DUMP" >
183-->[androidx.profileinstaller:profileinstaller:1.3.1] AndroidManifest.xml:39:13-57
184            <intent-filter>
184-->[androidx.profileinstaller:profileinstaller:1.3.1] AndroidManifest.xml:40:13-42:29
185                <action android:name="androidx.profileinstaller.action.INSTALL_PROFILE" />
185-->[androidx.profileinstaller:profileinstaller:1.3.1] AndroidManifest.xml:41:17-91
185-->[androidx.profileinstaller:profileinstaller:1.3.1] AndroidManifest.xml:41:25-88
186            </intent-filter>
187            <intent-filter>
187-->[androidx.profileinstaller:profileinstaller:1.3.1] AndroidManifest.xml:43:13-45:29
188                <action android:name="androidx.profileinstaller.action.SKIP_FILE" />
188-->[androidx.profileinstaller:profileinstaller:1.3.1] AndroidManifest.xml:44:17-85
188-->[androidx.profileinstaller:profileinstaller:1.3.1] AndroidManifest.xml:44:25-82
189            </intent-filter>
190            <intent-filter>
190-->[androidx.profileinstaller:profileinstaller:1.3.1] AndroidManifest.xml:46:13-48:29
191                <action android:name="androidx.profileinstaller.action.SAVE_PROFILE" />
191-->[androidx.profileinstaller:profileinstaller:1.3.1] AndroidManifest.xml:47:17-88
191-->[androidx.profileinstaller:profileinstaller:1.3.1] AndroidManifest.xml:47:25-85
192            </intent-filter>
193            <intent-filter>
193-->[androidx.profileinstaller:profileinstaller:1.3.1] AndroidManifest.xml:49:13-51:29
194                <action android:name="androidx.profileinstaller.action.BENCHMARK_OPERATION" />
194-->[androidx.profileinstaller:profileinstaller:1.3.1] AndroidManifest.xml:50:17-95
194-->[androidx.profileinstaller:profileinstaller:1.3.1] AndroidManifest.xml:50:25-92
195            </intent-filter>
196        </receiver> <!-- The activities will be merged into the manifest of the hosting app. -->
197        <activity
197-->[com.google.android.play:core-common:2.0.3] AndroidManifest.xml:14:9-18:65
198            android:name="com.google.android.play.core.common.PlayCoreDialogWrapperActivity"
198-->[com.google.android.play:core-common:2.0.3] AndroidManifest.xml:15:13-93
199            android:exported="false"
199-->[com.google.android.play:core-common:2.0.3] AndroidManifest.xml:16:13-37
200            android:stateNotNeeded="true"
200-->[com.google.android.play:core-common:2.0.3] AndroidManifest.xml:17:13-42
201            android:theme="@style/Theme.PlayCore.Transparent" />
201-->[com.google.android.play:core-common:2.0.3] AndroidManifest.xml:18:13-62
202    </application>
203
204</manifest>